android/app/build/intermediates/manifest_merge_blame_file/debug/manifest-merger-blame-debug-report.txt
1<?xml version="1.0" encoding="utf-8"?>
2<manifest xmlns:android="http://schemas.android.com/apk/res/android"
3    package="com.tesis"
4    android:versionCode="1"
5    android:versionName="1.0" >
6
7    <uses-sdk
8        android:minSdkVersion="16"
9        android:targetSdkVersion="29" />
10
11    <uses-permission android:name="android.permission.SYSTEM_ALERT_WINDOW" />
11-->src\main\AndroidManifest.xml:5:5-77
11-->src\main\AndroidManifest.xml:5:22-75
12    <uses-permission android:name="android.permission.INTERNET" />
12-->src\main\AndroidManifest.xml:4:5-67
12-->src\main\AndroidManifest.xml:4:22-64
13    <uses-permission android:name="android.permission.RECEIVE_BOOT_COMPLETED" />
13-->src\main\AndroidManifest.xml:6:5-81
13-->src\main\AndroidManifest.xml:6:22-78
14    <uses-permission android:name="android.permission.VIBRATE" /> <!-- Bluetooth -->
14-->src\main\AndroidManifest.xml:7:5-66
14-->src\main\AndroidManifest.xml:7:22-63
15    <uses-permission android:name="android.permission.BLUETOOTH" />
15-->src\main\AndroidManifest.xml:10:5-68
15-->src\main\AndroidManifest.xml:10:22-65
16    <uses-permission android:name="android.permission.BLUETOOTH_ADMIN" />
16-->src\main\AndroidManifest.xml:11:5-74
16-->src\main\AndroidManifest.xml:11:22-71
17    <uses-permission android:name="android.permission.ACCESS_COARSE_LOCATION" />
17-->src\main\AndroidManifest.xml:12:5-81
17-->src\main\AndroidManifest.xml:12:22-78
18    <uses-permission android:name="android.permission.FOREGROUND_SERVICE" />
18-->src\main\AndroidManifest.xml:14:5-77
18-->src\main\AndroidManifest.xml:14:22-74
19    <uses-permission android:name="android.permission.WAKE_LOCK" />
19-->src\main\AndroidManifest.xml:15:5-68
19-->src\main\AndroidManifest.xml:15:22-65
20    <uses-permission android:name="android.permission.ACCESS_WIFI_STATE" /> <!-- Required by older versions of Google Play services to create IID tokens -->
20-->[com.facebook.flipper:flipper:0.54.0] AndroidManifest.xml:16:5-76
20-->[com.facebook.flipper:flipper:0.54.0] AndroidManifest.xml:16:22-73
21    <uses-permission android:name="com.google.android.c2dm.permission.RECEIVE" />
21-->[com.google.android.gms:play-services-iid:17.0.0] AndroidManifest.xml:23:5-82
21-->[com.google.android.gms:play-services-iid:17.0.0] AndroidManifest.xml:23:22-79
22    <uses-permission android:name="com.google.android.finsky.permission.BIND_GET_INSTALL_REFERRER_SERVICE" />
22-->[com.android.installreferrer:installreferrer:1.1.2] AndroidManifest.xml:9:5-110
22-->[com.android.installreferrer:installreferrer:1.1.2] AndroidManifest.xml:9:22-107
23
24    <application
24-->src\main\AndroidManifest.xml:17:5-40:19
25        android:name="com.tesis.MainApplication"
25-->src\main\AndroidManifest.xml:18:7-38
26        android:allowBackup="false"
26-->src\main\AndroidManifest.xml:22:7-34
27        android:appComponentFactory="androidx.core.app.CoreComponentFactory"
27-->[androidx.core:core:1.1.0] AndroidManifest.xml:24:18-86
28        android:debuggable="true"
29        android:icon="@mipmap/ic_launcher"
29-->src\main\AndroidManifest.xml:20:7-41
30        android:label="@string/app_name"
30-->src\main\AndroidManifest.xml:19:7-39
31        android:launchMode="singleTask"
31-->src\main\AndroidManifest.xml:24:7-38
32        android:roundIcon="@mipmap/ic_launcher_round"
32-->src\main\AndroidManifest.xml:21:7-52
33        android:theme="@style/AppTheme"
33-->src\main\AndroidManifest.xml:23:7-38
34        android:usesCleartextTraffic="true" >
34-->src\debug\AndroidManifest.xml:7:18-53
35        <activity
35-->src\main\AndroidManifest.xml:25:7-36:18
36            android:name="com.tesis.MainActivity"
36-->src\main\AndroidManifest.xml:26:9-37
37            android:configChanges="keyboard|keyboardHidden|orientation|screenSize|uiMode"
37-->src\main\AndroidManifest.xml:28:9-86
38            android:label="@string/app_name"
38-->src\main\AndroidManifest.xml:27:9-41
39            android:launchMode="singleTop"
39-->src\main\AndroidManifest.xml:29:9-39
40            android:windowSoftInputMode="adjustResize" >
40-->src\main\AndroidManifest.xml:30:9-51
41            <intent-filter>
41-->src\main\AndroidManifest.xml:31:9-35:25
42                <action android:name="android.intent.action.MAIN" />
42-->src\main\AndroidManifest.xml:32:13-65
42-->src\main\AndroidManifest.xml:32:21-62
43
44                <category android:name="android.intent.category.LAUNCHER" />
44-->src\main\AndroidManifest.xml:33:14-74
44-->src\main\AndroidManifest.xml:33:24-71
45                <category android:name="android.intent.category.LEANBACK_LAUNCHER" />
45-->src\main\AndroidManifest.xml:34:14-82
45-->src\main\AndroidManifest.xml:34:24-80
46            </intent-filter>
47        </activity>
48        <activity android:name="com.facebook.react.devsupport.DevSettingsActivity" />
48-->src\main\AndroidManifest.xml:38:7-84
48-->src\main\AndroidManifest.xml:38:17-81
49
50        <service android:name="com.asterinet.react.bgactions.RNBackgroundActionsTask" />
50-->src\main\AndroidManifest.xml:39:7-87
50-->src\main\AndroidManifest.xml:39:16-84
51
52        <receiver
52-->[:react-native-device-info] AndroidManifest.xml:13:9-22:20
53            android:name="com.learnium.RNDeviceInfo.RNDeviceReceiver"
53-->[:react-native-device-info] AndroidManifest.xml:14:13-70
54            android:enabled="true"
54-->[:react-native-device-info] AndroidManifest.xml:15:13-35
55            android:exported="true"
55-->[:react-native-device-info] AndroidManifest.xml:16:13-36
56            android:permission="android.permission.INSTALL_PACKAGES" >
56-->[:react-native-device-info] AndroidManifest.xml:17:13-69
57            <intent-filter>
57-->[:react-native-device-info] AndroidManifest.xml:19:13-21:29
58                <action android:name="com.android.vending.INSTALL_REFERRER" />
58-->[:react-native-device-info] AndroidManifest.xml:20:17-79
58-->[:react-native-device-info] AndroidManifest.xml:20:25-76
59            </intent-filter>
60        </receiver>
61
62        <activity
62-->[com.google.android.gms:play-services-base:17.0.0] AndroidManifest.xml:23:9-26:75
63            android:name="com.google.android.gms.common.api.GoogleApiActivity"
63-->[com.google.android.gms:play-services-base:17.0.0] AndroidManifest.xml:24:13-79
64            android:exported="false"
64-->[com.google.android.gms:play-services-base:17.0.0] AndroidManifest.xml:25:13-37
65            android:theme="@android:style/Theme.Translucent.NoTitleBar" />
65-->[com.google.android.gms:play-services-base:17.0.0] AndroidManifest.xml:26:13-72
66
67        <meta-data
67-->[com.google.android.gms:play-services-basement:17.0.0] AndroidManifest.xml:23:9-25:69
68            android:name="com.google.android.gms.version"
68-->[com.google.android.gms:play-services-basement:17.0.0] AndroidManifest.xml:24:13-58
69            android:value="@integer/google_play_services_version" />
69-->[com.google.android.gms:play-services-basement:17.0.0] AndroidManifest.xml:25:13-66
70    </application>
71
72</manifest>